[debug] [2024-04-23T10:16:48.168Z] ----------------------------------------------------------------------
[debug] [2024-04-23T10:16:48.173Z] Command:       D:\Programs\Nodejs\node.exe C:\Users\kapil\AppData\Roaming\npm\node_modules\firebase-tools\lib\bin\firebase.js init
[debug] [2024-04-23T10:16:48.175Z] CLI Version:   13.1.0
[debug] [2024-04-23T10:16:48.175Z] Platform:      win32
[debug] [2024-04-23T10:16:48.176Z] Node Version:  v21.6.1
[debug] [2024-04-23T10:16:48.176Z] Time:          Tue Apr 23 2024 15:46:48 GMT+0530 (India Standard Time)
[debug] [2024-04-23T10:16:48.177Z] ----------------------------------------------------------------------
[debug] 
[debug] [2024-04-23T10:16:48.209Z] >>> [apiv2][query] GET https://firebase-public.firebaseio.com/cli.json [none]
[debug] [2024-04-23T10:16:48.313Z] > command requires scopes: ["email","openid","https://www.googleapis.com/auth/cloudplatformprojects.readonly","https://www.googleapis.com/auth/firebase","https://www.googleapis.com/auth/cloud-platform"]
[debug] [2024-04-23T10:16:48.314Z] > authorizing via signed-in user (kapilbadokar321@gmail.com)
[info] 
     ######## #### ########  ######## ########     ###     ######  ########
     ##        ##  ##     ## ##       ##     ##  ##   ##  ##       ##
     ######    ##  ########  ######   ########  #########  ######  ######
     ##        ##  ##    ##  ##       ##     ## ##     ##       ## ##
     ##       #### ##     ## ######## ########  ##     ##  ######  ########

You're about to initialize a Firebase project in this directory:

  D:\Codes\JobSeeker_ReactNative

[debug] [2024-04-23T10:16:48.986Z] <<< [apiv2][status] GET https://firebase-public.firebaseio.com/cli.json 200
[debug] [2024-04-23T10:16:48.986Z] <<< [apiv2][body] GET https://firebase-public.firebaseio.com/cli.json {"cloudBuildErrorAfter":1594252800000,"cloudBuildWarnAfter":1590019200000,"defaultNode10After":1594252800000,"minVersion":"3.0.5","node8DeploysDisabledAfter":1613390400000,"node8RuntimeDisabledAfter":1615809600000,"node8WarnAfter":1600128000000}
